<?xml version="1.0" encoding="UTF-8"?>
<!-- Generated by org.testng.reporters.JUnitReportReporter -->
<testsuite hostname="romrobillos" failures="0" tests="1" name="testcase.LoginTest" time="3.930" errors="0" timestamp="2025-01-14T06:07:25 GMT+08:00" skipped="0">
  <testcase classname="testcase.LoginTest" name="testLockedOutErrorMsg" time="3.930"/>
  <system-out/>
</testsuite> <!-- testcase.LoginTest -->
