<?xml version="1.0" encoding="UTF-8"?>
<!-- Generated by org.testng.reporters.JUnitReportReporter -->
<testsuite hostname="romrobillos" failures="0" tests="1" name="testcase.Login" time="4.792" errors="0" timestamp="2024-11-05T04:48:05 GMT+08:00" skipped="0">
  <testcase classname="testcase.Login" name="loginTest" time="4.792"/>
  <system-out/>
</testsuite> <!-- testcase.Login -->
