<?xml version="1.0" encoding="UTF-8"?>
<!-- Generated by org.testng.reporters.JUnitReportReporter -->
<testsuite hostname="romrobillos" failures="0" tests="1" name="testcase.checkout" time="7.829" errors="0" timestamp="2024-11-05T02:06:50 GMT+08:00" skipped="0">
  <testcase classname="testcase.checkout" name="checkOut" time="7.829"/>
  <system-out/>
</testsuite> <!-- testcase.checkout -->
