<?xml version="1.0" encoding="UTF-8"?>
<!-- Generated by org.testng.reporters.JUnitReportReporter -->
<testsuite hostname="romrobillos" failures="0" tests="4" name="testcase.Login" time="19.457" errors="0" timestamp="2024-11-05T04:49:48 GMT+08:00" skipped="0">
  <testcase classname="testcase.Login" name="logoutTest" time="8.922"/>
  <testcase classname="testcase.Login" name="loginTest" time="3.575"/>
  <testcase classname="testcase.Login" name="problem_login" time="3.496"/>
  <testcase classname="testcase.Login" name="lockedOut_login" time="3.464"/>
</testsuite> <!-- testcase.Login -->
